[Wed Feb 28 2018 18:44:49 GMT+0200 (GTB Standard Time)]Bot started...[Wed Feb 28 2018 18:50:48 GMT+0200 (GTB Standard Time)]Bot started...[SNGLS] @ 0.0000113 | 1.07% | 0.00<3[FUEL] @ 0.00001182 | 1.2% | 0.00<3[EDO] @ 0.0002476 | 1.06% | 0.00<3[Wed Feb 28 2018 18:54:26 GMT+0200 (GTB Standard Time)]Bot started...
[MOD] @ 0.000289 | 1.01% | 0.50<3
[Wed Feb 28 2018 18:56:42 GMT+0200 (GTB Standard Time)]Bot started...
[ENJ] @ 0.00001769 | 2.02% | -2.00 <3
[POA] @ 0.000063 | 1.2% | -5.00 <3
[ENJ] @ 0.000018 | 1.75% | 4.34 <3
[Wed Feb 28 2018 18:58:59 GMT+0200 (GTB Standard Time)]Bot started...
[Wed Feb 28 2018 19:00:02 GMT+0200 (GTB Standard Time)][KNC] @ 0.00017509 | 1.05% | 0.00 <3
[Wed Feb 28 2018 19:01:04 GMT+0200 (GTB Standard Time)][POA] @ 0.0000638 | 1.75% | 0.00 <3
[Wed Feb 28 2018 19:02:05 GMT+0200 (GTB Standard Time)][DGD] @ 0.053238 | 1.34% | 0.00 <3
[Wed Feb 28 2018 19:03:06 GMT+0200 (GTB Standard Time)][POA] @ 0.0000644 | 1.26% | 0.00 <3
[Wed Feb 28 2018 19:03:58 GMT+0200 (GTB Standard Time)]Bot started...
[Wed Feb 28 2018 19:05:01 GMT+0200 (GTB Standard Time)][DLT] -> 0.00003359 | 3.1% | 0.00 <3
[Wed Feb 28 2018 19:05:56 GMT+0200 (GTB Standard Time)]Bot started...
[Wed Feb 28 2018 19:06:59 GMT+0200 (GTB Standard Time)][SNGLS] @ 0.00001123 | 1.45% | 0.00 <3
[Wed Feb 28 2018 19:06:59 GMT+0200 (GTB Standard Time)][ICN] @ 0.00013585 | 1.38% | 0.00 <3
[Wed Feb 28 2018 19:08:01 GMT+0200 (GTB Standard Time)][SNGLS] @ 0.00001135 | 1.07% | 0.00 <3
[Wed Feb 28 2018 19:08:01 GMT+0200 (GTB Standard Time)][TRIG] @ 0.00015060 | 1.21% | 0.00 <3
[Wed Feb 28 2018 19:08:01 GMT+0200 (GTB Standard Time)][POA] @ 0.00006499 | 1.25% | 0.00 <3
[Wed Feb 28 2018 19:09:02 GMT+0200 (GTB Standard Time)][LUN] @ 0.00218790 | 1.95% | 0.00 <3
[Wed Feb 28 2018 19:10:05 GMT+0200 (GTB Standard Time)][MTL] @ 0.00043500 | 1.16% | 1.00 <3
[Wed Feb 28 2018 19:11:06 GMT+0200 (GTB Standard Time)][SNGLS] @ 0.00001166 | 1.66% | 0.00 <3
[Wed Feb 28 2018 19:11:06 GMT+0200 (GTB Standard Time)][LINK] @ 0.00006425 | 1.05% | -1.33 <3
[Wed Feb 28 2018 19:12:31 GMT+0200 (GTB Standard Time)]Bot started...
[Wed Feb 28 2018 19:16:38 GMT+0200 (GTB Standard Time)][LUN]         @ 0.00216000 | 1.02% | 0.00 <3
[Wed Feb 28 2018 19:18:41 GMT+0200 (GTB Standard Time)][NCASH]       @ 0.00000283 | 1.8% | 0.00 <3
[Wed Feb 28 2018 19:19:42 GMT+0200 (GTB Standard Time)][XZC]         @ 0.00499700 | 1.22% | 0.00 <3
[Wed Feb 28 2018 19:20:44 GMT+0200 (GTB Standard Time)][CTR]         @ 0.00006213 | 1.5% | 0.00 <3
[Wed Feb 28 2018 19:20:44 GMT+0200 (GTB Standard Time)][NCASH]       @ 0.00000284 | 1.79% | 0.00 <3
[Wed Feb 28 2018 19:24:05 GMT+0200 (GTB Standard Time)]Bot started...
[Wed Feb 28 2018 19:25:08 GMT+0200 (GTB Standard Time)][YOYO]        @ 0.00001182 | 1.03% | 0.00 <3
[Wed Feb 28 2018 19:26:10 GMT+0200 (GTB Standard Time)][MCO]         @ 0.00074500 | 1.22% | 0.00 <3
[Wed Feb 28 2018 19:26:10 GMT+0200 (GTB Standard Time)][SNGLS]       @ 0.00001146 | 1.60% | 0.00 <3
[Wed Feb 28 2018 19:27:11 GMT+0200 (GTB Standard Time)][XVG]         @ 0.00000531 | 1.34% | 1.50 <3
[Wed Feb 28 2018 19:27:16 GMT+0200 (GTB Standard Time)]Bot started...
[Wed Feb 28 2018 19:27:57 GMT+0200 (GTB Standard Time)]Bot started...
[Wed Feb 28 2018 19:29:00 GMT+0200 (GTB Standard Time)][SNGLS]       @ 0.00001158 | 1.22% | 0.00 <3
[Wed Feb 28 2018 19:29:56 GMT+0200 (GTB Standard Time)]Bot started...
[Wed Feb 28 2018 19:32:00 GMT+0200 (GTB Standard Time)][LINK]        @ 0.00006532 | 3.35% | 1.40 <3
[Wed Feb 28 2018 19:33:02 GMT+0200 (GTB Standard Time)][POA]         @ 0.00006116 | 1.39% | 0.00 <3
[Wed Feb 28 2018 19:36:05 GMT+0200 (GTB Standard Time)][LINK]        @ 0.00006642 | 1.10% | 4.16 <3
[Wed Feb 28 2018 19:36:05 GMT+0200 (GTB Standard Time)][NEBL]        @ 0.00155560 | 1.09% | 0.00 <3
[Wed Feb 28 2018 19:38:08 GMT+0200 (GTB Standard Time)][FUEL]        @ 0.00001188 | 1.28% | 0.88 <3
[Wed Feb 28 2018 19:38:08 GMT+0200 (GTB Standard Time)][NEBL]        @ 0.00156990 | 1.22% | 0.00 <3
[Wed Feb 28 2018 19:38:08 GMT+0200 (GTB Standard Time)][POA]         @ 0.00006100 | 1.41% | 0.00 <3
[Wed Feb 28 2018 19:42:13 GMT+0200 (GTB Standard Time)][MOD]         @ 0.00030280 | 1.37% | 2.80 <3
[Wed Feb 28 2018 19:43:14 GMT+0200 (GTB Standard Time)][NEBL]        @ 0.00161990 | 2.53% | 0.00 <3
[Wed Feb 28 2018 19:44:15 GMT+0200 (GTB Standard Time)][MOD]         @ 0.00030620 | 1.29% | 1.02 <3
[Wed Feb 28 2018 19:44:15 GMT+0200 (GTB Standard Time)][KMD]         @ 0.00035700 | 1.19% | 1.00 <3
[Wed Feb 28 2018 19:44:15 GMT+0200 (GTB Standard Time)][FUEL]        @ 0.00001193 | 1.36% | 0.00 <3
[Wed Feb 28 2018 19:44:15 GMT+0200 (GTB Standard Time)][NEBL]        @ 0.00164500 | 1.55% | 0.00 <3
[Wed Feb 28 2018 19:47:19 GMT+0200 (GTB Standard Time)][NEBL]        @ 0.00162770 | 1.08% | 0.00 <3
[Wed Feb 28 2018 19:48:21 GMT+0200 (GTB Standard Time)][POA]         @ 0.00006150 | 2.47% | 0.00 <3
[Wed Feb 28 2018 19:49:22 GMT+0200 (GTB Standard Time)][GAS]         @ 0.00375700 | 1.24% | -0.75 <3
[Wed Feb 28 2018 19:49:22 GMT+0200 (GTB Standard Time)][AMB]         @ 0.00004894 | 1.49% | 0.11 <3
[Wed Feb 28 2018 19:49:22 GMT+0200 (GTB Standard Time)][BCPT]        @ 0.00011397 | 1.57% | 0.00 <3
[Wed Feb 28 2018 19:49:22 GMT+0200 (GTB Standard Time)][NEBL]        @ 0.00166020 | 1.23% | 0.00 <3
[Wed Feb 28 2018 19:52:26 GMT+0200 (GTB Standard Time)][QSP]         @ 0.00002465 | 1.57% | 2.50 <3
[Wed Feb 28 2018 19:52:26 GMT+0200 (GTB Standard Time)][FUEL]        @ 0.00001178 | 1.38% | 1.00 <3
[Wed Feb 28 2018 19:52:26 GMT+0200 (GTB Standard Time)][NEBL]        @ 0.00167430 | 2.40% | 1.50 <3
[Wed Feb 28 2018 19:54:28 GMT+0200 (GTB Standard Time)][LEND]        @ 0.00000956 | 1.81% | 1.63 <3
[Wed Feb 28 2018 19:56:31 GMT+0200 (GTB Standard Time)][MTH]         @ 0.00001430 | 1.27% | 0.00 <3
[Wed Feb 28 2018 19:56:31 GMT+0200 (GTB Standard Time)][NCASH]       @ 0.00000281 | 1.44% | 0.00 <3
[Wed Feb 28 2018 19:57:32 GMT+0200 (GTB Standard Time)][RDN]         @ 0.00026587 | 1.15% | 0.00 <3
[Wed Feb 28 2018 20:04:41 GMT+0200 (GTB Standard Time)][YOYO]        @ 0.00001175 | 1.12% | -1.50 <3
[Wed Feb 28 2018 20:04:41 GMT+0200 (GTB Standard Time)][EDO]         @ 0.00024400 | 1.04% | -4.66 <3
[Wed Feb 28 2018 20:05:42 GMT+0200 (GTB Standard Time)][NCASH]       @ 0.00000281 | 1.08% | 0.00 <3
[Wed Feb 28 2018 20:05:42 GMT+0200 (GTB Standard Time)][POA]         @ 0.00006307 | 1.27% | 0.00 <3
[Wed Feb 28 2018 20:11:50 GMT+0200 (GTB Standard Time)][WINGS]       @ 0.00006680 | 1.04% | 2.81 <3
